[2013-04-17 11:41:15] request.ERROR: Uncaught PHP Exception Symfony\Component\HttpKernel\Exception\NotFoundHttpException: "No route found for "GET /"" at /Users/nguyenkenny/ETNA/2SN/vendor/symfony/symfony/src/Symfony/Component/HttpKernel/EventListener/RouterListener.php line 94 [] []
[2013-04-17 11:41:45] request.ERROR: Uncaught PHP Exception Symfony\Component\HttpKernel\Exception\NotFoundHttpException: "No route found for "GET /"" at /Users/nguyenkenny/ETNA/2SN/vendor/symfony/symfony/src/Symfony/Component/HttpKernel/EventListener/RouterListener.php line 94 [] []
[2013-04-17 11:41:49] request.ERROR: Uncaught PHP Exception Symfony\Component\HttpKernel\Exception\NotFoundHttpException: "No route found for "GET /appdev.php"" at /Users/nguyenkenny/ETNA/2SN/app/cache/prod/classes.php line 3597 [] []
[2013-04-17 15:42:13] request.ERROR: Uncaught PHP Exception Symfony\Component\HttpKernel\Exception\NotFoundHttpException: "No route found for "GET /"" at /Users/nguyenkenny/ETNA/2SN/app/cache/prod/classes.php line 3597 [] []
[2013-04-17 21:15:46] request.INFO: Matched route "_assetic_bootstrap_css" (parameters: "_controller": "assetic.controller:render", "name": "bootstrap_css", "pos": "null", "_format": "css", "_route": "_assetic_bootstrap_css") [] []
[2013-04-17 21:15:59] request.CRITICAL: Uncaught PHP Exception Symfony\Component\Process\Exception\RuntimeException: "The process stopped because of a "0" signal." at /Users/Ophelie/Sites/2SN-git/2SN/vendor/symfony/symfony/src/Symfony/Component/Process/Process.php line 437 [] []
[2013-04-17 21:16:47] request.ERROR: Uncaught PHP Exception Symfony\Component\HttpKernel\Exception\NotFoundHttpException: "No route found for "GET /bootstrap/img/glyphicons-halflings.png"" at /Users/Ophelie/Sites/2SN-git/2SN/vendor/symfony/symfony/src/Symfony/Component/HttpKernel/EventListener/RouterListener.php line 94 [] []
[2013-04-17 21:16:47] request.ERROR: Uncaught PHP Exception Symfony\Component\HttpKernel\Exception\NotFoundHttpException: "No route found for "GET /bootstrap/js/bootstrap.js"" at /Users/Ophelie/Sites/2SN-git/2SN/vendor/symfony/symfony/src/Symfony/Component/HttpKernel/EventListener/RouterListener.php line 94 [] []
[2013-04-17 21:17:20] request.ERROR: Uncaught PHP Exception Symfony\Component\HttpKernel\Exception\NotFoundHttpException: "No route found for "GET /bootstrap/js/bootstrap.js"" at /Users/Ophelie/Sites/2SN-git/2SN/app/cache/prod/classes.php line 3597 [] []
[2013-04-17 21:17:44] request.ERROR: Uncaught PHP Exception Symfony\Component\HttpKernel\Exception\NotFoundHttpException: "No route found for "GET /bootstrap/js/bootstrap.js"" at /Users/Ophelie/Sites/2SN-git/2SN/app/cache/prod/classes.php line 3597 [] []
[2013-04-17 21:18:18] request.ERROR: Uncaught PHP Exception Symfony\Component\HttpKernel\Exception\NotFoundHttpException: "No route found for "GET /bootstrap/js/bootstrap.js"" at /Users/Ophelie/Sites/2SN-git/2SN/app/cache/prod/classes.php line 3597 [] []
[2013-04-17 21:18:42] request.ERROR: Uncaught PHP Exception Symfony\Component\HttpKernel\Exception\NotFoundHttpException: "No route found for "GET /bootstrap/js/bootstrap.js"" at /Users/Ophelie/Sites/2SN-git/2SN/app/cache/prod/classes.php line 3597 [] []
[2013-04-17 21:21:57] request.ERROR: Uncaught PHP Exception Symfony\Component\HttpKernel\Exception\NotFoundHttpException: "No route found for "GET /bootstrap/js/bootstrap.js"" at /Users/Ophelie/Sites/2SN-git/2SN/app/cache/prod/classes.php line 3597 [] []
[2013-04-17 21:21:59] request.ERROR: Uncaught PHP Exception Symfony\Component\HttpKernel\Exception\NotFoundHttpException: "No route found for "GET /bootstrap/js/bootstrap.js"" at /Users/Ophelie/Sites/2SN-git/2SN/app/cache/prod/classes.php line 3597 [] []
[2013-04-17 21:22:47] request.ERROR: Uncaught PHP Exception Symfony\Component\HttpKernel\Exception\NotFoundHttpException: "No route found for "GET /bootstrap/js/bootstrap.js"" at /Users/Ophelie/Sites/2SN-git/2SN/app/cache/prod/classes.php line 3597 [] []
[2013-04-17 21:23:11] request.ERROR: Uncaught PHP Exception Symfony\Component\HttpKernel\Exception\NotFoundHttpException: "No route found for "GET /bootstrap/js/bootstrap.js"" at /Users/Ophelie/Sites/2SN-git/2SN/app/cache/prod/classes.php line 3597 [] []
[2013-04-17 21:23:24] request.ERROR: Uncaught PHP Exception Symfony\Component\HttpKernel\Exception\NotFoundHttpException: "No route found for "GET /bootstrap/js/bootstrap.js"" at /Users/Ophelie/Sites/2SN-git/2SN/app/cache/prod/classes.php line 3597 [] []
[2013-04-17 21:23:42] request.ERROR: Uncaught PHP Exception Symfony\Component\HttpKernel\Exception\NotFoundHttpException: "No route found for "GET /bootstrap/js/bootstrap.js"" at /Users/Ophelie/Sites/2SN-git/2SN/app/cache/prod/classes.php line 3597 [] []
[2013-04-17 21:23:58] request.ERROR: Uncaught PHP Exception Symfony\Component\HttpKernel\Exception\NotFoundHttpException: "No route found for "GET /bootstrap/js/bootstrap.js"" at /Users/Ophelie/Sites/2SN-git/2SN/app/cache/prod/classes.php line 3597 [] []
[2013-04-17 21:24:55] request.ERROR: Uncaught PHP Exception Symfony\Component\HttpKernel\Exception\NotFoundHttpException: "No route found for "GET /bootstrap/js/bootstrap.js"" at /Users/Ophelie/Sites/2SN-git/2SN/app/cache/prod/classes.php line 3597 [] []
[2013-04-17 21:25:20] request.ERROR: Uncaught PHP Exception Symfony\Component\HttpKernel\Exception\NotFoundHttpException: "No route found for "GET /bootstrap/js/bootstrap.js"" at /Users/Ophelie/Sites/2SN-git/2SN/app/cache/prod/classes.php line 3597 [] []
[2013-04-17 21:27:36] request.ERROR: Uncaught PHP Exception Symfony\Component\HttpKernel\Exception\NotFoundHttpException: "No route found for "GET /bootstrap/js/bootstrap.js"" at /Users/Ophelie/Sites/2SN-git/2SN/app/cache/prod/classes.php line 3597 [] []
[2013-04-17 21:29:38] request.ERROR: Uncaught PHP Exception Symfony\Component\HttpKernel\Exception\NotFoundHttpException: "No route found for "GET /bootstrap/js/bootstrap.js"" at /Users/Ophelie/Sites/2SN-git/2SN/app/cache/prod/classes.php line 3597 [] []
[2013-04-17 21:30:03] request.ERROR: Uncaught PHP Exception Symfony\Component\HttpKernel\Exception\NotFoundHttpException: "No route found for "GET /bootstrap/js/bootstrap.js"" at /Users/Ophelie/Sites/2SN-git/2SN/app/cache/prod/classes.php line 3597 [] []
[2013-04-17 21:30:23] request.ERROR: Uncaught PHP Exception Symfony\Component\HttpKernel\Exception\NotFoundHttpException: "No route found for "GET /bootstrap/js/bootstrap.js"" at /Users/Ophelie/Sites/2SN-git/2SN/app/cache/prod/classes.php line 3597 [] []
[2013-04-17 21:30:48] request.ERROR: Uncaught PHP Exception Symfony\Component\HttpKernel\Exception\NotFoundHttpException: "No route found for "GET /bootstrap/js/bootstrap.js"" at /Users/Ophelie/Sites/2SN-git/2SN/app/cache/prod/classes.php line 3597 [] []
